Arguments: 
  C:\Program Files\nodejs\node.exe C:\Users\Wintr\.yarn\bin\yarn.js add react-app dead-or-alive-front-end

PATH: 
  C:\Program Files\Git\mingw64\bin;C:\Program Files\Git\usr\bin;C:\Users\Wintr\bin;C:\Users\Wintr\.yarn\bin;C:\Users\Wintr\.config\yarn\global\node_modules\.bin;C:\Users\Wintr\bin;C:\Program Files\Git\mingw64\bin;C:\Program Files\Git\usr\local\bin;C:\Program Files\Git\usr\bin;C:\Program Files\Git\usr\bin;C:\Program Files\Git\mingw64\bin;C:\Program Files\Git\usr\bin;C:\Users\Wintr\bin;C:\WINDOWS\system32;C:\WINDOWS;C:\WINDOWS\System32\Wbem;C:\WINDOWS\System32\WindowsPowerShell\v1.0;C:\WINDOWS\System32\OpenSSH;C:\Program Files\Git\cmd;C:\Program Files\nodejs;C:\Program Files (x86)\Yarn\bin;C:\Users\Wintr\AppData\Local\Microsoft\WindowsApps;C:\Users\Wintr\AppData\Local\Programs\Microsoft VS Code\bin;C:\Users\Wintr\AppData\Roaming\npm;C:\Users\Wintr\AppData\Local\Yarn\bin;C:\Program Files\Git\usr\bin\vendor_perl;C:\Program Files\Git\usr\bin\core_perl

Yarn version: 
  1.19.1

Node version: 
  10.16.3

Platform: 
  win32 x64

Trace: 
  Error: https://registry.yarnpkg.com/dead-or-alive-front-end: Not found
      at Request.params.callback [as _callback] (C:\Users\Wintr\.yarn\lib\cli.js:66926:18)
      at Request.self.callback (C:\Users\Wintr\.yarn\lib\cli.js:140564:22)
      at Request.emit (events.js:198:13)
      at Request.<anonymous> (C:\Users\Wintr\.yarn\lib\cli.js:141536:10)
      at Request.emit (events.js:198:13)
      at IncomingMessage.<anonymous> (C:\Users\Wintr\.yarn\lib\cli.js:141458:12)
      at Object.onceWrapper (events.js:286:20)
      at IncomingMessage.emit (events.js:203:15)
      at endReadableNT (_stream_readable.js:1145:12)
      at process._tickCallback (internal/process/next_tick.js:63:19)

npm manifest: 
  No manifest

yarn manifest: 
  No manifest

Lockfile: 
  No lockfile
